ruoyi-android-demo/app/build/intermediates/manifest_merge_blame_file/debug/manifest-merger-blame-debug-report.txt
1<?xml version="1.0" encoding="utf-8"?>
2<manifest xmlns:android="http://schemas.android.com/apk/res/android"
3    package="com.ruoyi.mobile"
4    android:versionCode="1"
5    android:versionName="1.0" >
6
7    <uses-sdk
8        android:minSdkVersion="24"
9        android:targetSdkVersion="33" />
10
11    <uses-feature
11-->src\main\AndroidManifest.xml:5:5-7:36
12        android:name="android.hardware.camera"
12-->src\main\AndroidManifest.xml:6:9-47
13        android:required="false" />
13-->src\main\AndroidManifest.xml:7:9-33
14
15    <uses-permission android:name="android.permission.INTERNET" />
15-->src\main\AndroidManifest.xml:9:5-67
15-->src\main\AndroidManifest.xml:9:22-64
16    <uses-permission android:name="android.permission.CAMERA" />
16-->src\main\AndroidManifest.xml:10:5-65
16-->src\main\AndroidManifest.xml:10:22-62
17
18    <permission
18-->[androidx.core:core:1.10.1] AndroidManifest.xml:22:5-24:47
19        android:name="com.ruoyi.mobile.DYNAMIC_RECEIVER_NOT_EXPORTED_PERMISSION"
19-->[androidx.core:core:1.10.1] AndroidManifest.xml:23:9-81
20        android:protectionLevel="signature" />
20-->[androidx.core:core:1.10.1] AndroidManifest.xml:24:9-44
21
22    <uses-permission android:name="com.ruoyi.mobile.DYNAMIC_RECEIVER_NOT_EXPORTED_PERMISSION" />
22-->[androidx.core:core:1.10.1] AndroidManifest.xml:26:5-97
22-->[androidx.core:core:1.10.1] AndroidManifest.xml:26:22-94
23
24    <uses-feature
24-->[com.journeyapps:zxing-android-embedded:4.3.0] AndroidManifest.xml:28:5-30:36
25        android:name="android.hardware.camera.front"
25-->[com.journeyapps:zxing-android-embedded:4.3.0] AndroidManifest.xml:29:9-53
26        android:required="false" /> <!-- TODO replace above two with next line after Android 4.2 -->
26-->[com.journeyapps:zxing-android-embedded:4.3.0] AndroidManifest.xml:30:9-33
27    <!-- <uses-feature android:name="android.hardware.camera.any"/> -->
28    <uses-feature
28-->[com.journeyapps:zxing-android-embedded:4.3.0] AndroidManifest.xml:33:5-35:36
29        android:name="android.hardware.camera.autofocus"
29-->[com.journeyapps:zxing-android-embedded:4.3.0] AndroidManifest.xml:34:9-57
30        android:required="false" />
30-->[com.journeyapps:zxing-android-embedded:4.3.0] AndroidManifest.xml:35:9-33
31    <uses-feature
31-->[com.journeyapps:zxing-android-embedded:4.3.0] AndroidManifest.xml:36:5-38:36
32        android:name="android.hardware.camera.flash"
32-->[com.journeyapps:zxing-android-embedded:4.3.0] AndroidManifest.xml:37:9-53
33        android:required="false" />
33-->[com.journeyapps:zxing-android-embedded:4.3.0] AndroidManifest.xml:38:9-33
34    <uses-feature
34-->[com.journeyapps:zxing-android-embedded:4.3.0] AndroidManifest.xml:39:5-41:36
35        android:name="android.hardware.screen.landscape"
35-->[com.journeyapps:zxing-android-embedded:4.3.0] AndroidManifest.xml:40:9-57
36        android:required="false" />
36-->[com.journeyapps:zxing-android-embedded:4.3.0] AndroidManifest.xml:41:9-33
37    <uses-feature
37-->[com.journeyapps:zxing-android-embedded:4.3.0] AndroidManifest.xml:42:5-44:36
38        android:name="android.hardware.wifi"
38-->[com.journeyapps:zxing-android-embedded:4.3.0] AndroidManifest.xml:43:9-45
39        android:required="false" />
39-->[com.journeyapps:zxing-android-embedded:4.3.0] AndroidManifest.xml:44:9-33
40
41    <application
41-->src\main\AndroidManifest.xml:12:5-50:19
42        android:allowBackup="true"
42-->src\main\AndroidManifest.xml:13:9-35
43        android:appComponentFactory="androidx.core.app.CoreComponentFactory"
43-->[androidx.core:core:1.10.1] AndroidManifest.xml:28:18-86
44        android:debuggable="true"
45        android:extractNativeLibs="false"
46        android:icon="@mipmap/ic_launcher"
46-->src\main\AndroidManifest.xml:14:9-43
47        android:label="@string/app_name"
47-->src\main\AndroidManifest.xml:16:9-41
48        android:roundIcon="@mipmap/ic_launcher"
48-->src\main\AndroidManifest.xml:15:9-48
49        android:supportsRtl="true"
49-->src\main\AndroidManifest.xml:17:9-35
50        android:testOnly="true"
51        android:theme="@style/Theme.RuoYiMobile"
51-->src\main\AndroidManifest.xml:18:9-49
52        android:usesCleartextTraffic="true" >
52-->src\main\AndroidManifest.xml:20:9-44
53        <activity
53-->src\main\AndroidManifest.xml:22:9-29:20
54            android:name="com.ruoyi.mobile.LoginActivity"
54-->src\main\AndroidManifest.xml:23:13-42
55            android:exported="true" >
55-->src\main\AndroidManifest.xml:24:13-36
56            <intent-filter>
56-->src\main\AndroidManifest.xml:25:13-28:29
57                <action android:name="android.intent.action.MAIN" />
57-->src\main\AndroidManifest.xml:26:17-69
57-->src\main\AndroidManifest.xml:26:25-66
58
59                <category android:name="android.intent.category.LAUNCHER" />
59-->src\main\AndroidManifest.xml:27:17-77
59-->src\main\AndroidManifest.xml:27:27-74
60            </intent-filter>
61        </activity>
62        <activity
62-->src\main\AndroidManifest.xml:31:9-34:68
63            android:name="com.ruoyi.mobile.QrScanActivity"
63-->src\main\AndroidManifest.xml:31:19-49
64            android:screenOrientation="portrait"
64-->src\main\AndroidManifest.xml:32:19-55
65            android:stateNotNeeded="true"
65-->src\main\AndroidManifest.xml:33:19-48
66            android:windowSoftInputMode="stateAlwaysHidden" />
66-->src\main\AndroidManifest.xml:34:19-66
67        <activity
67-->src\main\AndroidManifest.xml:36:9-38:57
68            android:name="com.ruoyi.mobile.HomeActivity"
68-->src\main\AndroidManifest.xml:36:19-47
69            android:exported="false"
69-->src\main\AndroidManifest.xml:37:19-43
70            android:screenOrientation="portrait" />
70-->src\main\AndroidManifest.xml:38:19-55
71        <activity
71-->src\main\AndroidManifest.xml:40:9-43:41
72            android:name="com.ruoyi.mobile.MonitorActivity"
72-->src\main\AndroidManifest.xml:40:19-50
73            android:exported="false"
73-->src\main\AndroidManifest.xml:41:19-43
74            android:label="系统监控"
74-->src\main\AndroidManifest.xml:43:19-39
75            android:screenOrientation="portrait" />
75-->src\main\AndroidManifest.xml:42:19-55
76        <activity
76-->src\main\AndroidManifest.xml:45:9-48:68
77            android:name="com.ruoyi.mobile.PortraitCaptureActivity"
77-->src\main\AndroidManifest.xml:45:19-58
78            android:screenOrientation="portrait"
78-->src\main\AndroidManifest.xml:46:19-55
79            android:stateNotNeeded="true"
79-->src\main\AndroidManifest.xml:47:19-48
80            android:windowSoftInputMode="stateAlwaysHidden" />
80-->src\main\AndroidManifest.xml:48:19-66
81
82        <provider
82-->[androidx.emoji2:emoji2:1.2.0] AndroidManifest.xml:24:9-32:20
83            android:name="androidx.startup.InitializationProvider"
83-->[androidx.emoji2:emoji2:1.2.0] AndroidManifest.xml:25:13-67
84            android:authorities="com.ruoyi.mobile.androidx-startup"
84-->[androidx.emoji2:emoji2:1.2.0] AndroidManifest.xml:26:13-68
85            android:exported="false" >
85-->[androidx.emoji2:emoji2:1.2.0] AndroidManifest.xml:27:13-37
86            <meta-data
86-->[androidx.emoji2:emoji2:1.2.0] AndroidManifest.xml:29:13-31:52
87                android:name="androidx.emoji2.text.EmojiCompatInitializer"
87-->[androidx.emoji2:emoji2:1.2.0] AndroidManifest.xml:30:17-75
88                android:value="androidx.startup" />
88-->[androidx.emoji2:emoji2:1.2.0] AndroidManifest.xml:31:17-49
89            <meta-data
89-->[androidx.lifecycle:lifecycle-process:2.4.1] AndroidManifest.xml:31:13-33:52
90                android:name="androidx.lifecycle.ProcessLifecycleInitializer"
90-->[androidx.lifecycle:lifecycle-process:2.4.1] AndroidManifest.xml:32:17-78
91                android:value="androidx.startup" />
91-->[androidx.lifecycle:lifecycle-process:2.4.1] AndroidManifest.xml:33:17-49
92        </provider>
93
94        <activity
94-->[com.journeyapps:zxing-android-embedded:4.3.0] AndroidManifest.xml:47:9-53:63
95            android:name="com.journeyapps.barcodescanner.CaptureActivity"
95-->[com.journeyapps:zxing-android-embedded:4.3.0] AndroidManifest.xml:48:13-74
96            android:clearTaskOnLaunch="true"
96-->[com.journeyapps:zxing-android-embedded:4.3.0] AndroidManifest.xml:49:13-45
97            android:screenOrientation="sensorLandscape"
97-->[com.journeyapps:zxing-android-embedded:4.3.0] AndroidManifest.xml:50:13-56
98            android:stateNotNeeded="true"
98-->[com.journeyapps:zxing-android-embedded:4.3.0] AndroidManifest.xml:51:13-42
99            android:theme="@style/zxing_CaptureTheme"
99-->[com.journeyapps:zxing-android-embedded:4.3.0] AndroidManifest.xml:52:13-54
100            android:windowSoftInputMode="stateAlwaysHidden" />
100-->[com.journeyapps:zxing-android-embedded:4.3.0] AndroidManifest.xml:53:13-60
101    </application>
102
103</manifest>